<?xml version="1.0" encoding="UTF-8"?>
<testng-results skipped="0" failed="1" ignored="3" total="4" passed="0">
  <reporter-output>
  </reporter-output>
  <suite name="Default suite" duration-ms="74652" started-at="2018-08-31T01:59:55Z" finished-at="2018-08-31T02:01:10Z">
    <groups>
    </groups>
    <test name="Default test" duration-ms="74652" started-at="2018-08-31T01:59:55Z" finished-at="2018-08-31T02:01:10Z">
      <class name="testPackage.TestClass">
        <test-method status="PASS" signature="testInit()[pri:0, instance:testPackage.TestClass@6eebc39e]" name="testInit" is-config="true" duration-ms="870" started-at="2018-08-31T01:59:55Z" finished-at="2018-08-31T01:59:56Z">
          <reporter-output>
          </reporter-output>
        </test-method> <!-- testInit -->
        <test-method status="PASS" signature="setUpTest(java.lang.reflect.Method)[pri:0, instance:testPackage.TestClass@6eebc39e]" name="setUpTest" is-config="true" duration-ms="31938" started-at="2018-08-31T01:59:56Z" finished-at="2018-08-31T02:00:28Z">
          <params>
            <param index="0">
              <value>
                <![CDATA[public void testPackage.TestClass.profile() throws java.awt.HeadlessException,java.awt.AWTException,java.io.IOException]]>
              </value>
            </param>
          </params>
          <reporter-output>
          </reporter-output>
        </test-method> <!-- setUpTest -->
        <test-method status="FAIL" signature="profile()[pri:3, instance:testPackage.TestClass@6eebc39e]" name="profile" duration-ms="40075" started-at="2018-08-31T02:00:28Z" description="Test to validate my profile" finished-at="2018-08-31T02:01:08Z">
          <exception class="java.lang.NullPointerException">
            <full-stacktrace>
              <![CDATA[java.lang.NullPointerException
at javax.imageio.ImageIO.write(Unknown Source)
at utilityPackage.ScreenShot.captureScreenshot(ScreenShot.java:24)
at pagesPackage.MyProfile.Validateprofile(MyProfile.java:89)
at pagesPackage.MyProfile.Verifyprofile(MyProfile.java:60)
at testPackage.TestClass.profile(TestClass.java:73)
at sun.reflect.NativeMethodAccessorImpl.invoke0(Native Method)
at sun.reflect.NativeMethodAccessorImpl.invoke(Unknown Source)
at sun.reflect.DelegatingMethodAccessorImpl.invoke(Unknown Source)
at java.lang.reflect.Method.invoke(Unknown Source)
at org.testng.internal.MethodInvocationHelper.invokeMethod(MethodInvocationHelper.java:124)
at org.testng.internal.Invoker.invokeMethod(Invoker.java:580)
at org.testng.internal.Invoker.invokeTestMethod(Invoker.java:716)
at org.testng.internal.Invoker.invokeTestMethods(Invoker.java:988)
at org.testng.internal.TestMethodWorker.invokeTestMethods(TestMethodWorker.java:125)
at org.testng.internal.TestMethodWorker.run(TestMethodWorker.java:109)
at org.testng.TestRunner.privateRun(TestRunner.java:648)
at org.testng.TestRunner.run(TestRunner.java:505)
at org.testng.SuiteRunner.runTest(SuiteRunner.java:455)
at org.testng.SuiteRunner.runSequentially(SuiteRunner.java:450)
at org.testng.SuiteRunner.privateRun(SuiteRunner.java:415)
at org.testng.SuiteRunner.run(SuiteRunner.java:364)
at org.testng.SuiteRunnerWorker.runSuite(SuiteRunnerWorker.java:52)
at org.testng.SuiteRunnerWorker.run(SuiteRunnerWorker.java:84)
at org.testng.TestNG.runSuitesSequentially(TestNG.java:1208)
at org.testng.TestNG.runSuitesLocally(TestNG.java:1137)
at org.testng.TestNG.runSuites(TestNG.java:1049)
at org.testng.TestNG.run(TestNG.java:1017)
at org.testng.remote.AbstractRemoteTestNG.run(AbstractRemoteTestNG.java:114)
at org.testng.remote.RemoteTestNG.initAndRun(RemoteTestNG.java:251)
at org.testng.remote.RemoteTestNG.main(RemoteTestNG.java:77)
]]>
            </full-stacktrace>
          </exception> <!-- java.lang.NullPointerException -->
          <reporter-output>
          </reporter-output>
        </test-method> <!-- profile -->
        <test-method status="PASS" signature="tearDownTest(org.testng.ITestResult)[pri:0, instance:testPackage.TestClass@6eebc39e]" name="tearDownTest" is-config="true" duration-ms="2" started-at="2018-08-31T02:01:08Z" finished-at="2018-08-31T02:01:08Z">
          <params>
            <param index="0">
              <value>
                <![CDATA[[TestResult name=profile status=FAILURE method=TestClass.profile()[pri:3, instance:testPackage.TestClass@6eebc39e] output={null}]]]>
              </value>
            </param>
          </params>
          <reporter-output>
          </reporter-output>
        </test-method> <!-- tearDownTest -->
        <test-method status="PASS" signature="clearUp()[pri:0, instance:testPackage.TestClass@6eebc39e]" name="clearUp" is-config="true" duration-ms="1665" started-at="2018-08-31T02:01:08Z" finished-at="2018-08-31T02:01:10Z">
          <reporter-output>
          </reporter-output>
        </test-method> <!-- clearUp -->
      </class> <!-- testPackage.TestClass -->
    </test> <!-- Default test -->
  </suite> <!-- Default suite -->
</testng-results>
